# JRE version: OpenJDK Runtime Environment Temurin-17.0.6+10 (17.0.6+10) (build 17.0.6+10)
# Java VM: OpenJDK 64-Bit Server VM Temurin-17.0.6+10 (17.0.6+10, mixed mode, tiered, compressed oops, compressed class ptrs, g1 gc, windows-amd64)
GC Precious Log:
 CPUs: 8 total, 8 available
 Memory: 6077M
 Large Page Support: Disabled
 NUMA Support: Disabled
 Compressed Oops: Enabled (32-bit)
 Heap Region Size: 1M
 Heap Min Capacity: 8M
 Heap Initial Capacity: 96M
 Heap Max Capacity: 1520M
 Pre-touch: Disabled
 Parallel Workers: 8
 Concurrent Workers: 2
 Concurrent Refinement Workers: 8
 Periodic GC: Disabled
Heap:
 garbage-first heap   total 75776K, used 56424K [0x00000000a1000000, 0x0000000100000000)
  region size 1024K, 19 young (19456K), 1 survivors (1024K)
 Metaspace       used 90216K, committed 90752K, reserved 1130496K
  class space    used 11645K, committed 11968K, reserved 1048576K
GC Heap History (20 events):
Event: 50738.591 GC heap before
{Heap before GC invocations=124 (full 0):
 garbage-first heap   total 75776K, used 41176K [0x00000000a1000000, 0x0000000100000000)
  region size 1024K, 3 young (3072K), 2 survivors (2048K)
 Metaspace       used 90043K, committed 90560K, reserved 1130496K
  class space    used 11644K, committed 11968K, reserved 1048576K
}
Event: 50738.692 GC heap after
{Heap after GC invocations=125 (full 0):
 garbage-first heap   total 75776K, used 39669K [0x00000000a1000000, 0x0000000100000000)
  region size 1024K, 1 young (1024K), 1 survivors (1024K)
 Metaspace       used 90043K, committed 90560K, reserved 1130496K
  class space    used 11644K, committed 11968K, reserved 1048576K
}
Event: 51334.440 GC heap before
{Heap before GC invocations=125 (full 0):
 garbage-first heap   total 75776K, used 64245K [0x00000000a1000000, 0x0000000100000000)
  region size 1024K, 25 young (25600K), 1 survivors (1024K)
 Metaspace       used 90064K, committed 90560K, reserved 1130496K
  class space    used 11645K, committed 11968K, reserved 1048576K
}
Event: 51334.509 GC heap after
{Heap after GC invocations=126 (full 0):
 garbage-first heap   total 75776K, used 40430K [0x00000000a1000000, 0x0000000100000000)
  region size 1024K, 2 young (2048K), 2 survivors (2048K)
 Metaspace       used 90064K, committed 90560K, reserved 1130496K
  class space    used 11645K, committed 11968K, reserved 1048576K
}
Event: 52020.496 GC heap before
{Heap before GC invocations=127 (full 0):
 garbage-first heap   total 75776K, used 62958K [0x00000000a1000000, 0x0000000100000000)
  region size 1024K, 24 young (24576K), 2 survivors (2048K)
 Metaspace       used 90064K, committed 90560K, reserved 1130496K
  class space    used 11645K, committed 11968K, reserved 1048576K
}
Event: 52020.581 GC heap after
{Heap after GC invocations=128 (full 0):
 garbage-first heap   total 75776K, used 40464K [0x00000000a1000000, 0x0000000100000000)
  region size 1024K, 2 young (2048K), 2 survivors (2048K)
 Metaspace       used 90064K, committed 90560K, reserved 1130496K
  class space    used 11645K, committed 11968K, reserved 1048576K
}
Event: 52049.735 GC heap before
{Heap before GC invocations=128 (full 0):
 garbage-first heap   total 75776K, used 41488K [0x00000000a1000000, 0x0000000100000000)
  region size 1024K, 3 young (3072K), 2 survivors (2048K)
 Metaspace       used 90064K, committed 90560K, reserved 1130496K
  class space    used 11645K, committed 11968K, reserved 1048576K
}
Event: 52049.843 GC heap after
{Heap after GC invocations=129 (full 0):
 garbage-first heap   total 75776K, used 40177K [0x00000000a1000000, 0x0000000100000000)
  region size 1024K, 1 young (1024K), 1 survivors (1024K)
 Metaspace       used 90064K, committed 90560K, reserved 1130496K
  class space    used 11645K, committed 11968K, reserved 1048576K
}
Event: 52738.464 GC heap before
{Heap before GC invocations=129 (full 0):
 garbage-first heap   total 75776K, used 63729K [0x00000000a1000000, 0x0000000100000000)
  region size 1024K, 24 young (24576K), 1 survivors (1024K)
 Metaspace       used 90090K, committed 90624K, reserved 1130496K
  class space    used 11645K, committed 11968K, reserved 1048576K
}
Event: 52738.563 GC heap after
{Heap after GC invocations=130 (full 0):
 garbage-first heap   total 75776K, used 40323K [0x00000000a1000000, 0x0000000100000000)
  region size 1024K, 1 young (1024K), 1 survivors (1024K)
 Metaspace       used 90090K, committed 90624K, reserved 1130496K
  class space    used 11645K, committed 11968K, reserved 1048576K
}
Event: 53301.594 GC heap before
{Heap before GC invocations=131 (full 0):
 garbage-first heap   total 75776K, used 63875K [0x00000000a1000000, 0x0000000100000000)
  region size 1024K, 24 young (24576K), 1 survivors (1024K)
 Metaspace       used 90154K, committed 90688K, reserved 1130496K
  class space    used 11644K, committed 11968K, reserved 1048576K
}
Event: 53301.640 GC heap after
{Heap after GC invocations=132 (full 0):
 garbage-first heap   total 75776K, used 41121K [0x00000000a1000000, 0x0000000100000000)
  region size 1024K, 2 young (2048K), 2 survivors (2048K)
 Metaspace       used 90154K, committed 90688K, reserved 1130496K
  class space    used 11644K, committed 11968K, reserved 1048576K
}
Event: 53331.199 GC heap before
{Heap before GC invocations=132 (full 0):
 garbage-first heap   total 75776K, used 42145K [0x00000000a1000000, 0x0000000100000000)
  region size 1024K, 3 young (3072K), 2 survivors (2048K)
 Metaspace       used 90154K, committed 90688K, reserved 1130496K
  class space    used 11644K, committed 11968K, reserved 1048576K
}
Event: 53331.304 GC heap after
{Heap after GC invocations=133 (full 0):
 garbage-first heap   total 75776K, used 40432K [0x00000000a1000000, 0x0000000100000000)
  region size 1024K, 1 young (1024K), 1 survivors (1024K)
 Metaspace       used 90154K, committed 90688K, reserved 1130496K
  class space    used 11644K, committed 11968K, reserved 1048576K
}
Event: 53991.583 GC heap before
{Heap before GC invocations=133 (full 0):
 garbage-first heap   total 75776K, used 63984K [0x00000000a1000000, 0x0000000100000000)
  region size 1024K, 24 young (24576K), 1 survivors (1024K)
 Metaspace       used 90164K, committed 90688K, reserved 1130496K
  class space    used 11644K, committed 11968K, reserved 1048576K
}
Event: 53991.668 GC heap after
{Heap after GC invocations=134 (full 0):
 garbage-first heap   total 75776K, used 40810K [0x00000000a1000000, 0x0000000100000000)
  region size 1024K, 1 young (1024K), 1 survivors (1024K)
 Metaspace       used 90164K, committed 90688K, reserved 1130496K
  class space    used 11644K, committed 11968K, reserved 1048576K
}
Event: 54705.588 GC heap before
{Heap before GC invocations=135 (full 0):
 garbage-first heap   total 75776K, used 64362K [0x00000000a1000000, 0x0000000100000000)
  region size 1024K, 24 young (24576K), 1 survivors (1024K)
 Metaspace       used 90164K, committed 90688K, reserved 1130496K
  class space    used 11644K, committed 11968K, reserved 1048576K
}
Event: 54705.628 GC heap after
{Heap after GC invocations=136 (full 0):
 garbage-first heap   total 75776K, used 40839K [0x00000000a1000000, 0x0000000100000000)
  region size 1024K, 1 young (1024K), 1 survivors (1024K)
 Metaspace       used 90164K, committed 90688K, reserved 1130496K
  class space    used 11644K, committed 11968K, reserved 1048576K
}
Event: 54764.798 GC heap before
{Heap before GC invocations=136 (full 0):
 garbage-first heap   total 75776K, used 42887K [0x00000000a1000000, 0x0000000100000000)
  region size 1024K, 3 young (3072K), 1 survivors (1024K)
 Metaspace       used 90164K, committed 90688K, reserved 1130496K
  class space    used 11644K, committed 11968K, reserved 1048576K
}
Event: 54764.890 GC heap after
{Heap after GC invocations=137 (full 0):
 garbage-first heap   total 75776K, used 40040K [0x00000000a1000000, 0x0000000100000000)
  region size 1024K, 1 young (1024K), 1 survivors (1024K)
 Metaspace       used 90164K, committed 90688K, reserved 1130496K
  class space    used 11644K, committed 11968K, reserved 1048576K
}

